C:\PROGRAM FILES (X86)\NIMBUS\STEALTH SOURCES\OUTHERELIVE\SOURCE - LISTENER, PANEL, SERVER\XEX\RELEASE_LTCG\AIMBOT.OBJ
C:\PROGRAM FILES (X86)\NIMBUS\STEALTH SOURCES\OUTHERELIVE\SOURCE - LISTENER, PANEL, SERVER\XEX\RELEASE_LTCG\BO3.OBJ
C:\Program Files (x86)\Nimbus\stealth sources\OutHereLive\source - listener, panel, server\XEX\Release_LTCG\cl.command.1.tlog
C:\Program Files (x86)\Nimbus\stealth sources\OutHereLive\source - listener, panel, server\XEX\Release_LTCG\CL.read.1.tlog
C:\Program Files (x86)\Nimbus\stealth sources\OutHereLive\source - listener, panel, server\XEX\Release_LTCG\CL.write.1.tlog
C:\PROGRAM FILES (X86)\NIMBUS\STEALTH SOURCES\OUTHERELIVE\SOURCE - LISTENER, PANEL, SERVER\XEX\RELEASE_LTCG\GAMEHOOKS.OBJ
C:\PROGRAM FILES (X86)\NIMBUS\STEALTH SOURCES\OUTHERELIVE\SOURCE - LISTENER, PANEL, SERVER\XEX\RELEASE_LTCG\HUDHOOK.OBJ
C:\PROGRAM FILES (X86)\NIMBUS\STEALTH SOURCES\OUTHERELIVE\SOURCE - LISTENER, PANEL, SERVER\XEX\RELEASE_LTCG\HVPEEKPOKE.OBJ
C:\PROGRAM FILES (X86)\NIMBUS\STEALTH SOURCES\OUTHERELIVE\SOURCE - LISTENER, PANEL, SERVER\XEX\RELEASE_LTCG\INIREADER.OBJ
C:\PROGRAM FILES (X86)\NIMBUS\STEALTH SOURCES\OUTHERELIVE\SOURCE - LISTENER, PANEL, SERVER\XEX\RELEASE_LTCG\KEYVAULT.OBJ
C:\Program Files (x86)\Nimbus\stealth sources\OutHereLive\source - listener, panel, server\XEX\Release_LTCG\link.command.1.tlog
C:\Program Files (x86)\Nimbus\stealth sources\OutHereLive\source - listener, panel, server\XEX\Release_LTCG\link.read.1.tlog
C:\Program Files (x86)\Nimbus\stealth sources\OutHereLive\source - listener, panel, server\XEX\Release_LTCG\link.write.1.tlog
C:\PROGRAM FILES (X86)\NIMBUS\STEALTH SOURCES\OUTHERELIVE\SOURCE - LISTENER, PANEL, SERVER\XEX\RELEASE_LTCG\LIVEBLOCK.OBJ
C:\PROGRAM FILES (X86)\NIMBUS\STEALTH SOURCES\OUTHERELIVE\SOURCE - LISTENER, PANEL, SERVER\XEX\RELEASE_LTCG\NETCONNECT.OBJ
C:\PROGRAM FILES (X86)\NIMBUS\STEALTH SOURCES\OUTHERELIVE\SOURCE - LISTENER, PANEL, SERVER\XEX\RELEASE_LTCG\NETREQ.OBJ
C:\Program Files (x86)\Nimbus\stealth sources\OutHereLive\source - listener, panel, server\XEX\Release_LTCG\OutHereLive.xex
C:\PROGRAM FILES (X86)\NIMBUS\STEALTH SOURCES\OUTHERELIVE\SOURCE - LISTENER, PANEL, SERVER\XEX\RELEASE_LTCG\SCNGUIDEINFO.OBJ
C:\PROGRAM FILES (X86)\NIMBUS\STEALTH SOURCES\OUTHERELIVE\SOURCE - LISTENER, PANEL, SERVER\XEX\RELEASE_LTCG\SCNPREFERENCES.OBJ
C:\PROGRAM FILES (X86)\NIMBUS\STEALTH SOURCES\OUTHERELIVE\SOURCE - LISTENER, PANEL, SERVER\XEX\RELEASE_LTCG\SCNTAB5.OBJ
C:\PROGRAM FILES (X86)\NIMBUS\STEALTH SOURCES\OUTHERELIVE\SOURCE - LISTENER, PANEL, SERVER\XEX\RELEASE_LTCG\SYSHOOKS.OBJ
C:\PROGRAM FILES (X86)\NIMBUS\STEALTH SOURCES\OUTHERELIVE\SOURCE - LISTENER, PANEL, SERVER\XEX\RELEASE_LTCG\UTILITIES.OBJ
C:\PROGRAM FILES (X86)\NIMBUS\STEALTH SOURCES\OUTHERELIVE\SOURCE - LISTENER, PANEL, SERVER\XEX\RELEASE_LTCG\VC100.PDB
C:\PROGRAM FILES (X86)\NIMBUS\STEALTH SOURCES\OUTHERELIVE\SOURCE - LISTENER, PANEL, SERVER\XEX\RELEASE_LTCG\XEX.EXE
C:\Program Files (x86)\Nimbus\stealth sources\OutHereLive\source - listener, panel, server\XEX\Release_LTCG\XEX.exp
C:\Program Files (x86)\Nimbus\stealth sources\OutHereLive\source - listener, panel, server\XEX\Release_LTCG\XEX.lib
C:\PROGRAM FILES (X86)\NIMBUS\STEALTH SOURCES\OUTHERELIVE\SOURCE - LISTENER, PANEL, SERVER\XEX\RELEASE_LTCG\XEX.OBJ
C:\PROGRAM FILES (X86)\NIMBUS\STEALTH SOURCES\OUTHERELIVE\SOURCE - LISTENER, PANEL, SERVER\XEX\RELEASE_LTCG\XEX.PCH
C:\PROGRAM FILES (X86)\NIMBUS\STEALTH SOURCES\OUTHERELIVE\SOURCE - LISTENER, PANEL, SERVER\XEX\RELEASE_LTCG\XEX.PDB
C:\Program Files (x86)\Nimbus\stealth sources\OutHereLive\source - listener, panel, server\XEX\Release_LTCG\XEX.write.1.tlog
C:\Program Files (x86)\Nimbus\stealth sources\OutHereLive\source - listener, panel, server\XEX\Release_LTCG\XEX.xdb
